Arguments: 
  /usr/local/bin/node /usr/local/Cellar/yarn/1.22.10/libexec/bin/yarn.js add mysql12 sequelize sequelize-cli

PATH: 
  /Users/michelle/.rvm/gems/ruby-2.7.1/bin:/Users/michelle/.rvm/gems/ruby-2.7.1@global/bin:/Users/michelle/.rvm/rubies/ruby-2.7.1/bin:/Library/Frameworks/Python.framework/Versions/3.8/bin:/usr/local/bin:/usr/bin:/bin:/usr/sbin:/sbin:/Users/michelle/.rvm/gems/ruby-2.7.1/bin:/Users/michelle/.rvm/gems/ruby-2.7.1@global/bin:/Users/michelle/.rvm/rubies/ruby-2.7.1/bin:/Users/michelle/opt/anaconda3/bin:/Users/michelle/opt/anaconda3/condabin:/Library/Frameworks/Python.framework/Versions/3.8/bin:/Applications/Postgres.app/Contents/Versions/latest/bin:/Users/michelle/.rvm/bin:/Applications/Postgres.app/Contents/Versions/latest/bin

Yarn version: 
  1.22.10

Node version: 
  14.6.0

Platform: 
  darwin x64

Trace: 
  Error: https://registry.yarnpkg.com/mysql12: Not found
      at Request.params.callback [as _callback] (/usr/local/Cellar/yarn/1.22.10/libexec/lib/cli.js:66988:18)
      at Request.self.callback (/usr/local/Cellar/yarn/1.22.10/libexec/lib/cli.js:140749:22)
      at Request.emit (events.js:314:20)
      at Request.<anonymous> (/usr/local/Cellar/yarn/1.22.10/libexec/lib/cli.js:141721:10)
      at Request.emit (events.js:314:20)
      at IncomingMessage.<anonymous> (/usr/local/Cellar/yarn/1.22.10/libexec/lib/cli.js:141643:12)
      at Object.onceWrapper (events.js:420:28)
      at IncomingMessage.emit (events.js:326:22)
      at endReadableNT (_stream_readable.js:1244:12)
      at processTicksAndRejections (internal/process/task_queues.js:80:21)

npm manifest: 
  {
    "name": "server",
    "version": "1.0.0",
    "description": "",
    "main": "index.js",
    "scripts": {
      "test": "echo \"Error: no test specified\" && exit 1"
    },
    "author": "",
    "license": "ISC",
    "dependencies": {
      "cors": "^2.8.5",
      "express": "^4.17.1",
      "mysql": "^2.18.1"
    }
  }

yarn manifest: 
  No manifest

Lockfile: 
  No lockfile
